#! /c/Source/iverilog-install/bin/vvp
:ivl_version "12.0 (devel)" "(s20150603-1539-g2693dd32b)";
:ivl_delay_selection "TYPICAL";
:vpi_time_precision - 12;
:vpi_module "C:\iverilog\lib\ivl\system.vpi";
:vpi_module "C:\iverilog\lib\ivl\vhdl_sys.vpi";
:vpi_module "C:\iverilog\lib\ivl\vhdl_textio.vpi";
:vpi_module "C:\iverilog\lib\ivl\v2005_math.vpi";
:vpi_module "C:\iverilog\lib\ivl\va_math.vpi";
S_00000230b8fc8b10 .scope module, "ANDGATE" "ANDGATE" 2 12;
 .timescale -9 -12;
    .port_info 0 /OUTPUT 1 "Y";
    .port_info 1 /INPUT 1 "A";
    .port_info 2 /INPUT 1 "B";
o00000230b8fdafd8 .functor BUFZ 1, C4<z>; HiZ drive
o00000230b8fdb008 .functor BUFZ 1, C4<z>; HiZ drive
L_00000230b8fc89e0 .functor AND 1, o00000230b8fdafd8, o00000230b8fdb008, C4<1>, C4<1>;
v00000230b8f876e0_0 .net "A", 0 0, o00000230b8fdafd8;  0 drivers
v00000230b8fc97d0_0 .net "B", 0 0, o00000230b8fdb008;  0 drivers
v00000230b8fca460_0 .net "Y", 0 0, L_00000230b8fc89e0;  1 drivers
S_00000230b8fc90b0 .scope module, "tb_arith_unit" "tb_arith_unit" 3 3;
 .timescale -9 -12;
v00000230b8fd4140_0 .var "a", 7 0;
v00000230b8fd3ce0_0 .var "b", 7 0;
v00000230b8fd3ec0_0 .net "sum", 7 0, L_00000230b8fd3420;  1 drivers
v00000230b8fd3a60_0 .net "xor_out", 7 0, L_00000230b9027f50;  1 drivers
S_00000230b8fc9240 .scope module, "uut" "arith_unit" 3 8, 4 1 0, S_00000230b8fc90b0;
 .timescale -9 -12;
    .port_info 0 /INPUT 8 "a";
    .port_info 1 /INPUT 8 "b";
    .port_info 2 /OUTPUT 8 "sum";
    .port_info 3 /OUTPUT 8 "xor_out";
L_00000230b8fc8510 .functor XOR 4, L_00000230b8fd36a0, L_00000230b9026bf0, C4<0000>, C4<0000>;
L_00000230b8fc8350 .functor XOR 4, L_00000230b9027d70, L_00000230b9026ab0, C4<0000>, C4<0000>;
v00000230b8fc8ca0_0 .net *"_ivl_12", 3 0, L_00000230b8fd34c0;  1 drivers
v00000230b8fc8d40_0 .net *"_ivl_14", 3 0, L_00000230b8fd3560;  1 drivers
v00000230b8fda070_0 .net *"_ivl_15", 3 0, L_00000230b8fd3600;  1 drivers
v00000230b8fd4000_0 .net *"_ivl_20", 3 0, L_00000230b8fd36a0;  1 drivers
v00000230b8fd3f60_0 .net *"_ivl_22", 3 0, L_00000230b9026bf0;  1 drivers
v00000230b8fd40a0_0 .net *"_ivl_23", 3 0, L_00000230b8fc8510;  1 drivers
v00000230b8fd3d80_0 .net *"_ivl_29", 3 0, L_00000230b9027d70;  1 drivers
v00000230b8fd37e0_0 .net *"_ivl_3", 3 0, L_00000230b8fd3b00;  1 drivers
v00000230b8fd3c40_0 .net *"_ivl_31", 3 0, L_00000230b9026ab0;  1 drivers
v00000230b8fd32e0_0 .net *"_ivl_32", 3 0, L_00000230b8fc8350;  1 drivers
v00000230b8fd3740_0 .net *"_ivl_5", 3 0, L_00000230b8fd41e0;  1 drivers
v00000230b8fd3e20_0 .net *"_ivl_6", 3 0, L_00000230b8fd3ba0;  1 drivers
v00000230b8fd39c0_0 .net "a", 7 0, v00000230b8fd4140_0;  1 drivers
v00000230b8fd3880_0 .net "b", 7 0, v00000230b8fd3ce0_0;  1 drivers
v00000230b8fd3920_0 .net "sum", 7 0, L_00000230b8fd3420;  alias, 1 drivers
v00000230b8fd3380_0 .net "xor_out", 7 0, L_00000230b9027f50;  alias, 1 drivers
L_00000230b8fd3b00 .part v00000230b8fd4140_0, 0, 4;
L_00000230b8fd41e0 .part v00000230b8fd3ce0_0, 0, 4;
L_00000230b8fd3ba0 .arith/sum 4, L_00000230b8fd3b00, L_00000230b8fd41e0;
L_00000230b8fd3420 .concat8 [ 4 4 0 0], L_00000230b8fd3ba0, L_00000230b8fd3600;
L_00000230b8fd34c0 .part v00000230b8fd4140_0, 4, 4;
L_00000230b8fd3560 .part v00000230b8fd3ce0_0, 4, 4;
L_00000230b8fd3600 .arith/sum 4, L_00000230b8fd34c0, L_00000230b8fd3560;
L_00000230b8fd36a0 .part v00000230b8fd4140_0, 0, 4;
L_00000230b9026bf0 .part v00000230b8fd3ce0_0, 0, 4;
L_00000230b9027f50 .concat8 [ 4 4 0 0], L_00000230b8fc8510, L_00000230b8fc8350;
L_00000230b9027d70 .part v00000230b8fd4140_0, 4, 4;
L_00000230b9026ab0 .part v00000230b8fd3ce0_0, 4, 4;
    .scope S_00000230b8fc90b0;
T_0 ;
    %vpi_call 3 14 "$display", "Starting Simulation..." {0 0 0};
    %pushi/vec4 15, 0, 8;
    %store/vec4 v00000230b8fd4140_0, 0, 8;
    %pushi/vec4 1, 0, 8;
    %store/vec4 v00000230b8fd3ce0_0, 0, 8;
    %delay 10000, 0;
    %load/vec4 v00000230b8fd3ec0_0;
    %load/vec4 v00000230b8fd4140_0;
    %load/vec4 v00000230b8fd3ce0_0;
    %add;
    %cmp/ne;
    %jmp/1 T_0.2, 6;
    %flag_mov 8, 6;
    %load/vec4 v00000230b8fd3a60_0;
    %load/vec4 v00000230b8fd4140_0;
    %load/vec4 v00000230b8fd3ce0_0;
    %xor;
    %cmp/ne;
    %flag_or 6, 8;
T_0.2;
    %jmp/0xz  T_0.0, 6;
    %load/vec4 v00000230b8fd4140_0;
    %load/vec4 v00000230b8fd3ce0_0;
    %add;
    %load/vec4 v00000230b8fd4140_0;
    %load/vec4 v00000230b8fd3ce0_0;
    %xor;
    %vpi_call 3 20 "$display", "[MISMATCH] Expected Sum: %h, Got: %h | Expected XOR: %h, Got: %h", S<1,vec4,u8>, v00000230b8fd3ec0_0, S<0,vec4,u8>, v00000230b8fd3a60_0 {2 0 0};
    %jmp T_0.1;
T_0.0 ;
    %vpi_call 3 22 "$display", "[SUCCESS] Matches Golden RTL" {0 0 0};
T_0.1 ;
    %pushi/vec4 170, 0, 8;
    %store/vec4 v00000230b8fd4140_0, 0, 8;
    %pushi/vec4 85, 0, 8;
    %store/vec4 v00000230b8fd3ce0_0, 0, 8;
    %delay 10000, 0;
    %load/vec4 v00000230b8fd3ec0_0;
    %load/vec4 v00000230b8fd4140_0;
    %load/vec4 v00000230b8fd3ce0_0;
    %add;
    %cmp/ne;
    %jmp/1 T_0.5, 6;
    %flag_mov 8, 6;
    %load/vec4 v00000230b8fd3a60_0;
    %load/vec4 v00000230b8fd4140_0;
    %load/vec4 v00000230b8fd3ce0_0;
    %xor;
    %cmp/ne;
    %flag_or 6, 8;
T_0.5;
    %jmp/0xz  T_0.3, 6;
    %load/vec4 v00000230b8fd4140_0;
    %load/vec4 v00000230b8fd3ce0_0;
    %add;
    %vpi_call 3 28 "$display", "[MISMATCH] Expected Sum: %h, Got: %h", S<0,vec4,u8>, v00000230b8fd3ec0_0 {1 0 0};
    %jmp T_0.4;
T_0.3 ;
    %vpi_call 3 30 "$display", "[SUCCESS] Matches Golden RTL" {0 0 0};
T_0.4 ;
    %vpi_call 3 32 "$finish" {0 0 0};
    %end;
    .thread T_0;
# The file index is used to find the file name in the following table.
:file_names 5;
    "N/A";
    "<interactive>";
    "C:\Auto_VLSI\lib\std_cells.v";
    "C:\Auto_VLSI\tb\tb_arith_unit.v";
    "C:\Auto_VLSI\patched_netlist\arith_unit_patched.v";
