#! /c/Source/iverilog-install/bin/vvp
:ivl_version "12.0 (devel)" "(s20150603-1539-g2693dd32b)";
:ivl_delay_selection "TYPICAL";
:vpi_time_precision - 12;
:vpi_module "C:\iverilog\lib\ivl\system.vpi";
:vpi_module "C:\iverilog\lib\ivl\vhdl_sys.vpi";
:vpi_module "C:\iverilog\lib\ivl\vhdl_textio.vpi";
:vpi_module "C:\iverilog\lib\ivl\v2005_math.vpi";
:vpi_module "C:\iverilog\lib\ivl\va_math.vpi";
:vpi_module "C:\iverilog\lib\ivl\v2009.vpi";
S_000001f7cf29a8b0 .scope package, "$unit" "$unit" 2 1;
 .timescale 0 0;
S_000001f7cf2d56d0 .scope module, "tb_arith_unit" "tb_arith_unit" 3 3;
 .timescale -9 -12;
v000001f7cf29aa40_0 .var "a", 7 0;
v000001f7cf29aae0_0 .var "b", 7 0;
v000001f7cf296350_0 .net "sum", 7 0, L_000001f7cf296490;  1 drivers
v000001f7cf2963f0_0 .net "xor_out", 7 0, L_000001f7cf2d59f0;  1 drivers
S_000001f7cf2d5860 .scope module, "uut" "arith_unit" 3 8, 4 1 0, S_000001f7cf2d56d0;
 .timescale -9 -12;
    .port_info 0 /INPUT 8 "a";
    .port_info 1 /INPUT 8 "b";
    .port_info 2 /OUTPUT 8 "sum";
    .port_info 3 /OUTPUT 8 "xor_out";
L_000001f7cf2d59f0 .functor XOR 8, v000001f7cf29aa40_0, v000001f7cf29aae0_0, C4<00000000>, C4<00000000>;
v000001f7cf2d5df0_0 .net "a", 7 0, v000001f7cf29aa40_0;  1 drivers
v000001f7cf2d6a80_0 .net "b", 7 0, v000001f7cf29aae0_0;  1 drivers
v000001f7cf2997c0_0 .net "sum", 7 0, L_000001f7cf296490;  alias, 1 drivers
v000001f7cf29be60_0 .net "xor_out", 7 0, L_000001f7cf2d59f0;  alias, 1 drivers
L_000001f7cf296490 .arith/sum 8, v000001f7cf29aa40_0, v000001f7cf29aae0_0;
    .scope S_000001f7cf2d56d0;
T_0 ;
    %vpi_call/w 3 14 "$display", "Starting Simulation..." {0 0 0};
    %pushi/vec4 15, 0, 8;
    %store/vec4 v000001f7cf29aa40_0, 0, 8;
    %pushi/vec4 1, 0, 8;
    %store/vec4 v000001f7cf29aae0_0, 0, 8;
    %delay 10000, 0;
    %load/vec4 v000001f7cf296350_0;
    %load/vec4 v000001f7cf29aa40_0;
    %load/vec4 v000001f7cf29aae0_0;
    %add;
    %cmp/ne;
    %jmp/1 T_0.2, 6;
    %flag_mov 8, 6;
    %load/vec4 v000001f7cf2963f0_0;
    %load/vec4 v000001f7cf29aa40_0;
    %load/vec4 v000001f7cf29aae0_0;
    %xor;
    %cmp/ne;
    %flag_or 6, 8;
T_0.2;
    %jmp/0xz  T_0.0, 6;
    %load/vec4 v000001f7cf29aa40_0;
    %load/vec4 v000001f7cf29aae0_0;
    %add;
    %load/vec4 v000001f7cf29aa40_0;
    %load/vec4 v000001f7cf29aae0_0;
    %xor;
    %vpi_call/w 3 20 "$display", "[MISMATCH] Expected Sum: %h, Got: %h | Expected XOR: %h, Got: %h", S<1,vec4,u8>, v000001f7cf296350_0, S<0,vec4,u8>, v000001f7cf2963f0_0 {2 0 0};
    %jmp T_0.1;
T_0.0 ;
    %vpi_call/w 3 22 "$display", "[SUCCESS] Matches Golden RTL" {0 0 0};
T_0.1 ;
    %pushi/vec4 170, 0, 8;
    %store/vec4 v000001f7cf29aa40_0, 0, 8;
    %pushi/vec4 85, 0, 8;
    %store/vec4 v000001f7cf29aae0_0, 0, 8;
    %delay 10000, 0;
    %load/vec4 v000001f7cf296350_0;
    %load/vec4 v000001f7cf29aa40_0;
    %load/vec4 v000001f7cf29aae0_0;
    %add;
    %cmp/ne;
    %jmp/1 T_0.5, 6;
    %flag_mov 8, 6;
    %load/vec4 v000001f7cf2963f0_0;
    %load/vec4 v000001f7cf29aa40_0;
    %load/vec4 v000001f7cf29aae0_0;
    %xor;
    %cmp/ne;
    %flag_or 6, 8;
T_0.5;
    %jmp/0xz  T_0.3, 6;
    %load/vec4 v000001f7cf29aa40_0;
    %load/vec4 v000001f7cf29aae0_0;
    %add;
    %vpi_call/w 3 28 "$display", "[MISMATCH] Expected Sum: %h, Got: %h", S<0,vec4,u8>, v000001f7cf296350_0 {1 0 0};
    %jmp T_0.4;
T_0.3 ;
    %vpi_call/w 3 30 "$display", "[SUCCESS] Matches Golden RTL" {0 0 0};
T_0.4 ;
    %vpi_call/w 3 32 "$finish" {0 0 0};
    %end;
    .thread T_0;
# The file index is used to find the file name in the following table.
:file_names 5;
    "N/A";
    "<interactive>";
    "-";
    "C:\Users\sumuk\OneDrive\Desktop\Auto_VLSI\tb\tb_arith_unit.v";
    "C:\Users\sumuk\OneDrive\Desktop\Auto_VLSI\golden_rtl\arith_unit.v";
